______________ coverage: platform win32, python 3.12.12-final-0 _______________

Name                       Stmts   Miss Branch BrPart  Cover   Missing
----------------------------------------------------------------------
nbux\_sort.py                144     92     56      3    32%   25-32, 45-52, 91, 97, 106-136, 158-226, 254-257, 270, 281-292
nbux\algo\_dev.py            114    114     56      0     0%   1-243
nbux\algo\_linesearch.py     368     84    144     39    71%   54-57, 81->92, 124-150, 183-218, 299->301, 301->303, 303->305, 311-317, 340->394, 351-352, 358, 365-366, 371->373, 426, 467->469, 469->471, 471->473, 481-485, 503-506, 507->512, 510, 522-523, 528->567, 538-541, 543-545, 619->621, 621->623, 623->625, 636-637, 647->678, 651, 659, 733->735, 735->737, 737->739, 752-753, 763->796, 768, 832->888, 835-838, 870-871
nbux\algo\_misc.py           174     14     74      6    88%   111->113, 133-135, 167->173, 173->163, 234->237, 282-295, 314-315
nbux\op\_misc.py             175     12     40      5    91%   217-231, 265-267, 269, 279-281, 395->397
nbux\op\vector.py            261    128     90      0    46%   110-116, 146-149, 155-159, 165-169, 175-180, 196-200, 206-211, 217-222, 228-233, 243-247, 267-271, 277-280, 300-307, 313-318, 324-329, 335-343, 385-386, 392-393, 408-444
nbux\rng.py                  100     31     26      5    60%   50-51, 56->exit, 81, 112-114, 123-126, 143, 151-154, 161, 167, 178-179, 186-188, 194-196, 217, 225-227, 232-234, 249
nbux\utils.py                469    206    190     33    49%   48-51, 195, 204, 208, 216, 229-235, 257, 270-272, 288, 322-327, 340-345, 356-361, 383-396, 402, 430-432, 491-492, 497-498, 517-520, 591-593, 598-606, 650-653, 678-694, 734-737, 742-744, 748, 762-778, 834, 846, 848, 851, 853, 855, 860-861, 931-936, 948-951, 969-974, 1010, 1012, 1019, 1076, 1082-1090, 1095, 1098, 1103-1111, 1116, 1119, 1124-1132, 1137-1140, 1144-1146, 1152-1165, 1170-1173, 1177-1179, 1185-1198, 1203, 1205-1208, 1212-1214, 1222-1243
----------------------------------------------------------------------
TOTAL                       1818    681    676     91    57%

3 files skipped due to complete coverage.
======================= 15 passed, 4 warnings in 7.81s ========================
