______________ coverage: platform win32, python 3.12.12-final-0 _______________

Name                       Stmts   Miss Branch BrPart  Cover   Missing
----------------------------------------------------------------------
nbux\_sort.py                124      5     52      4    95%   86->exit, 91->exit, 211-212, 217-219
nbux\algo\_linesearch.py     337     22    104     22    90%   146->151, 151->155, 195, 205->217, 212->215, 336->387, 347-348, 353, 360-361, 493-495, 497, 509-510, 515->550, 525-527, 529, 627->654, 630->639, 736->765, 740->749, 801->855, 804-807, 838-839
nbux\algo\_misc.py           160      0     54      2    99%   160->166, 166->156
nbux\op\_misc.py             157      0     22      1    99%   265->267
nbux\op\vector.py            234      2     36      3    98%   403->389, 411-412, 413->417
nbux\rng.py                   71     12     14      5    78%   50-51, 56->exit, 80->exit, 111-112, 139->exit, 146-147, 171-172, 179-180, 207->exit, 214-215, 235->exit
nbux\utils.py                252      9    122     27    90%   192->exit, 199->exit, 202->exit, 570->573, 573->exit, 629, 705, 710->exit, 795, 812, 814, 886, 965->967, 971->exit, 1043->exit, 1060->exit, 1078->exit, 1079->1080, 1083, 1104->exit, 1105->1106, 1109, 1131->exit, 1132->1133, 1136
----------------------------------------------------------------------
TOTAL                       1354     50    404     64    93%

4 files skipped due to complete coverage.
================= 21 passed, 1 skipped, 39 warnings in 18.92s =================
